0000000000000000 T __code_start
0000000000000000 0000000000000401 b __fixedpath
0000000000000000 A __start__
0000000000000000 T _start
0000000000000000 b _TLS_MODULE_BASE_
0000000000000080 t startup
00000000000000a4 t bssclr_start
00000000000000cc t bss_loop
0000000000000120 T __nx_exit
0000000000000130 T __nx_mod0
0000000000000158 T _init
00000000000001c0 0000000000000038 T exit
0000000000000200 0000000000000040 T main
0000000000000240 0000000000000054 t _GLOBAL__sub_I_eh_alloc.cc
0000000000000298 0000000000000054 t _GLOBAL__sub_I_eh_globals.cc
00000000000002f0 t deregister_tm_clones
0000000000000320 t register_tm_clones
0000000000000358 t __do_global_dtors_aux
00000000000003a0 t frame_dummy
00000000000003e0 0000000000000034 T fileExists(char const*)
0000000000000408 0000000000002000 b tmp_buffer.7247
0000000000000420 0000000000000048 T end()
0000000000000470 0000000000000070 T confirm()
00000000000004e0 00000000000001f0 T backup()
00000000000006d0 0000000000000830 T install()
0000000000000f00 0000000000000710 T restore()
0000000000001610 00000000000000c0 T printSerial()
00000000000016d0 00000000000000b8 T mainMenu()
0000000000001790 000000000000038c T verify()
0000000000001b20 0000000000000024 T mbedtls_sha256_init
0000000000001b50 0000000000000010 T mbedtls_sha256_free
0000000000001b60 00000000000000b4 T mbedtls_sha256_starts_ret
0000000000001c20 0000000000000868 T mbedtls_internal_sha256_process
0000000000002408 0000000000002000 b tmp_buffer.7271
0000000000002490 0000000000000108 T mbedtls_sha256_update_ret
00000000000025a0 00000000000001e8 T mbedtls_sha256_finish_ret
0000000000002790 00000000000000b0 T mbedtls_sha256_ret
0000000000002840 0000000000000004 T mbedtls_sha256
0000000000002850 0000000000000014 T mbedtls_platform_zeroize
0000000000002870 000000000000008c T mutexLock
0000000000002900 0000000000000030 T mutexUnlock
0000000000002930 000000000000004c T rmutexLock
0000000000002980 000000000000001c T rmutexUnlock
00000000000029a0 0000000000000220 t ipcPrepareHeader
0000000000002bc0 000000000000022c t ipcParse
0000000000002df0 00000000000000b0 t serviceIpcParse
0000000000002ea0 0000000000000034 t ipcCloseObjectById
0000000000002ee0 0000000000000200 T fsInitialize
00000000000030e0 000000000000009c T fsExit
0000000000003180 00000000000001d4 T fsOpenBisStorage
0000000000003360 00000000000001cc T fsMountSdcard
0000000000003530 00000000000001a4 T fsFsCreateFile
00000000000036e0 000000000000019c T fsFsDeleteFile
0000000000003880 000000000000019c T fsFsCreateDirectory
0000000000003a20 000000000000019c T fsFsDeleteDirectory
0000000000003bc0 0000000000000214 T fsFsRenameFile
0000000000003de0 0000000000000214 T fsFsRenameDirectory
0000000000004000 00000000000001b0 T fsFsGetEntryType
00000000000041b0 00000000000001e4 T fsFsOpenFile
00000000000043a0 00000000000001f8 T fsFsOpenDirectory
00000000000045a0 00000000000001b0 T fsFsGetFreeSpace
0000000000004750 00000000000001b0 T fsFsGetTotalSpace
0000000000004900 0000000000000194 T fsFsGetFileTimeStampRaw
0000000000004aa0 000000000000006c T fsFsClose
0000000000004b10 00000000000001f0 T fsFileRead
0000000000004d00 00000000000001b8 T fsFileWrite
0000000000004ec0 000000000000016c T fsFileFlush
0000000000005030 0000000000000174 T fsFileSetSize
00000000000051b0 0000000000000194 T fsFileGetSize
0000000000005350 000000000000006c T fsFileClose
00000000000053c0 000000000000006c T fsDirClose
0000000000005430 00000000000001ec T fsDirRead
0000000000005620 00000000000001d0 T fsStorageRead
00000000000057f0 00000000000001d0 T fsStorageWrite
00000000000059c0 0000000000000194 T fsStorageGetSize
0000000000005b60 000000000000006c T fsStorageClose
0000000000005bd0 0000000000000044 T smAddOverrideHandle
0000000000005c20 0000000000000060 T smGetServiceOverride
0000000000005c80 0000000000000014 T smHasInitialized
0000000000005ca0 000000000000005c T smExit
0000000000005d00 0000000000000038 T smEncodeName
0000000000005d40 000000000000012c T smGetServiceOriginal
0000000000005e70 00000000000001a0 T smInitialize
0000000000006010 0000000000000074 T smGetService
0000000000006090 0000000000000140 t _fatalImpl
00000000000061d0 0000000000000014 T fatalWithType
00000000000061f0 0000000000000014 T fatalSimple
0000000000006210 0000000000000034 t ipcCloseObjectById
0000000000006250 0000000000000124 t _hidGetSharedMemoryHandle.constprop.10
0000000000006380 0000000000000100 t _hidCmdWithNoInput
0000000000006480 0000000000000134 t _hidCreateAppletResource.constprop.9
00000000000065c0 000000000000010c t _hidCmdWithInputU32
00000000000066d0 0000000000000108 t _hidCmdWithInputU64.constprop.11
00000000000067e0 00000000000001e0 T hidReset
00000000000069c0 000000000000000c T hidGetSharedmemAddr
00000000000069d0 000000000000006c T hidKeysDown
0000000000006a40 000000000000000c T hidTouchCount
0000000000006a50 0000000000000578 T hidScanInput
0000000000006fd0 0000000000000198 T hidSetSupportedNpadIdType
0000000000007170 000000000000000c T hidSetSupportedNpadStyleSet
0000000000007180 0000000000000008 T hidSetNpadJoyHoldType
0000000000007190 000000000000000c T hidSetNpadJoyAssignmentModeDual
00000000000071a0 000000000000012c T hidExit
00000000000072d0 0000000000000168 T hidInitialize
0000000000007440 0000000000000220 t ipcPrepareHeader
0000000000007660 000000000000022c t ipcParse
0000000000007890 00000000000000b0 t serviceIpcParse
0000000000007940 0000000000000078 t ipcConvertSessionToDomain
00000000000079c0 0000000000000084 t ipcCloneSession.constprop.52
0000000000007a50 0000000000000034 t ipcCloseObjectById
0000000000007a90 000000000000006c t serviceClose
0000000000007b00 000000000000019c t _appletReceiveMessage
0000000000007ca0 0000000000000164 t _appletCmdNoIO
0000000000007e10 000000000000018c t _appletGetOperationMode.constprop.43
0000000000007fa0 000000000000018c t _appletGetCurrentFocusState.constprop.45
0000000000008130 000000000000018c t _appletGetPerformanceMode.constprop.44
00000000000082c0 00000000000001d8 t _appletGetSession
00000000000084a0 000000000000017c t _appletCmdNoInOut64
0000000000008620 0000000000000164 t _appletSetOperationModeChangedNotification.constprop.46
0000000000008790 000000000000016c t _appletSetOutOfFocusSuspendingEnabled
0000000000008900 0000000000000164 t _appletSetPerformanceModeChangedNotification.constprop.47
0000000000008a70 000000000000016c t _appletCmdInU32.constprop.48
0000000000008be0 000000000000017c t _appletSetFocusHandlingMode
0000000000008d60 0000000000000178 t _appletGetHandle.constprop.42
0000000000008ee0 0000000000000054 t _appletGetEvent.constprop.41
0000000000008f40 00000000000001f0 t _appletGetSessionProxy.constprop.40
0000000000009130 0000000000000010 T appletGetAppletType
0000000000009140 00000000000000f0 T appletSetFocusHandlingMode
0000000000009230 0000000000000028 T appletGetAppletResourceUserId
0000000000009260 0000000000000174 T appletNotifyRunning
00000000000093e0 0000000000000158 T appletSetGamePlayRecordingState
0000000000009540 0000000000000050 T appletSetCpuBoostMode
0000000000009590 00000000000005dc T appletExit
0000000000009b70 00000000000004f0 T appletInitialize
000000000000a060 0000000000000010 t _appletExitProcess
000000000000a070 0000000000000014 T appletCreateManagedDisplayLayer
000000000000a090 000000000000005c T appletGetMessage
000000000000a0f0 0000000000000118 T appletProcessMessage
000000000000a210 0000000000000034 T appletMainLoop
000000000000a250 0000000000000208 T envSetup
000000000000a460 0000000000000020 T envGetMainThreadHandle
000000000000a480 000000000000000c T envIsNso
000000000000a490 0000000000000014 T envHasHeapOverride
000000000000a4b0 000000000000000c T envGetHeapOverrideAddr
000000000000a4c0 000000000000000c T envGetHeapOverrideSize
000000000000a4d0 0000000000000014 T envHasArgv
000000000000a4f0 000000000000000c T envGetArgv
000000000000a500 000000000000000c T envGetExitFuncPtr
000000000000a510 000000000000000c T envSetExitFuncPtr
000000000000a520 0000000000000010 T hosversionGet
000000000000a530 0000000000000010 T hosversionSet
000000000000a540 0000000000000044 t consoleDrawChar
000000000000a590 0000000000000140 t consoleClearLine
000000000000a6d0 000000000000004c t consoleNewRow
000000000000a720 0000000000000118 t consolePrintChar
000000000000a840 000000000000015c t consoleCls
000000000000a9a0 00000000000007e0 t con_write
000000000000b180 000000000000011c T consoleInit
000000000000b2a0 0000000000000048 T consoleExit
000000000000b2f0 0000000000000028 T consoleUpdate
000000000000b318 T svcSetHeapSize
000000000000b32c T svcSetMemoryAttribute
000000000000b334 T svcUnmapMemory
000000000000b33c T svcQueryMemory
000000000000b350 T svcExitProcess
000000000000b358 T svcSleepThread
000000000000b360 T svcMapSharedMemory
000000000000b368 T svcUnmapSharedMemory
000000000000b370 T svcCreateTransferMemory
000000000000b384 T svcCloseHandle
000000000000b38c T svcResetSignal
000000000000b394 T svcWaitSynchronization
000000000000b3a8 T svcArbitrateLock
000000000000b3b0 T svcArbitrateUnlock
000000000000b3b8 T svcWaitProcessWideKeyAtomic
000000000000b3c0 T svcSignalProcessWideKey
000000000000b3c8 T svcConnectToNamedPort
000000000000b3dc T svcSendSyncRequest
000000000000b3e4 T svcBreak
000000000000b3ec T svcReturnFromException
000000000000b3f4 T svcGetInfo
000000000000b408 T svcUnmapTransferMemory
000000000000b410 W __libnx_exception_entry
000000000000b49c t __libnx_exception_entry_start
000000000000b5c4 t __libnx_exception_entry_abort
000000000000b5c8 t __libnx_exception_entry_end
000000000000b5d0 T __libnx_exception_returnentry
000000000000b5f0 000000000000000c T eventLoadRemote
000000000000b600 0000000000000038 T eventWait
000000000000b640 0000000000000050 T eventClose
000000000000b690 00000000000000a8 T tmemCreate
000000000000b740 0000000000000058 T tmemUnmap
000000000000b7a0 0000000000000068 T tmemClose
000000000000b810 0000000000000058 T rwlockReadLock
000000000000b870 000000000000005c T rwlockReadUnlock
000000000000b8d0 0000000000000084 T rwlockWriteLock
000000000000b960 000000000000003c T rwlockWriteUnlock
000000000000b9a0 0000000000000104 t _waitLoop
000000000000bab0 0000000000000338 t _waitObjectsImpl
000000000000bdf0 000000000000000c T waitObjects
000000000000be00 0000000000000014 T shmemLoadRemote
000000000000be20 0000000000000084 T shmemMap
000000000000beb0 0000000000000058 T shmemUnmap
000000000000bf10 0000000000000044 T shmemClose
000000000000bf60 000000000000017c T detectKernelVersion
000000000000c0e0 0000000000000030 T detectDebugger
000000000000c110 0000000000000034 t ipcCloseObjectById
000000000000c150 0000000000000124 t _apmGetSession.constprop.4
000000000000c280 00000000000000f0 T apmExit
000000000000c370 0000000000000070 T apmInitialize
000000000000c3e0 00000000000000cc T apmSetPerformanceConfiguration
000000000000c4b0 0000000000000324 T argvSetup
000000000000c7e0 00000000000000c4 T nxlinkSetup
000000000000c8b0 00000000000000d8 W __libnx_initheap
000000000000c990 00000000000000dc W __appInit
000000000000ca70 0000000000000044 W __appExit
000000000000cac0 0000000000000028 W __libnx_init
000000000000caf0 0000000000000020 W __libnx_exit
000000000000cb10 00000000000000a0 T __nx_dynamic
000000000000cbb0 0000000000000010 t fsdev_link
000000000000cbc0 0000000000000010 t fsdev_dirreset
000000000000cbd0 0000000000000010 t fsdev_chmod
000000000000cbe0 000000000000001c t error_cmp
000000000000cc00 0000000000000058 t fsdev_translate_error
000000000000cc60 0000000000000040 t fsdev_fsync
000000000000cca0 0000000000000060 t fsdev_ftruncate
000000000000cd00 0000000000000020 t fsdev_dirclose
000000000000cd20 000000000000016c t fsdev_dirnext
000000000000ce90 000000000000001c t fsdev_close
000000000000ceb0 00000000000000a4 t fsdev_fstat
000000000000cf60 00000000000000b0 t fsdev_seek
000000000000d010 0000000000000198 t fsdev_read
000000000000d1b0 00000000000001a0 t fsdev_write
000000000000d350 0000000000000120 t fsdevFindDevice
000000000000d470 0000000000000140 t _fsdevMountDevice
000000000000d5b0 00000000000001fc t fsdev_getfspath
000000000000d7b0 0000000000000070 t fsdev_rmdir
000000000000d820 00000000000000d4 t fsdev_statvfs
000000000000d900 00000000000000ec t fsdev_diropen
000000000000d9f0 0000000000000070 t fsdev_mkdir
000000000000da60 0000000000000114 t fsdev_rename
000000000000db80 00000000000000e8 t fsdev_chdir
000000000000dc70 0000000000000070 t fsdev_unlink
000000000000dce0 00000000000001bc t fsdev_stat
000000000000dea0 000000000000019c t fsdev_open
000000000000e040 00000000000000b8 t _fsdevUnmountDeviceStruct.part.4
000000000000e100 0000000000000010 t fsdev_fchmod
000000000000e110 0000000000000170 T fsdevMountSdmc
000000000000e280 0000000000000064 T fsdevUnmountAll
000000000000e2f0 0000000000000070 t ConsoleSwRenderer_flushAndSwap
000000000000e360 00000000000000c4 t ConsoleSwRenderer_scrollWindow
000000000000e430 0000000000000188 t ConsoleSwRenderer_drawChar
000000000000e5c0 000000000000003c t ConsoleSwRenderer_deinit
000000000000e600 00000000000000f4 t ConsoleSwRenderer_init
000000000000e700 000000000000000c W getDefaultConsoleRenderer
000000000000e710 000000000000012c T decode_utf8
000000000000e83c T __aarch64_read_tp
000000000000e850 0000000000000060 T condvarWaitTimeout
000000000000e8b0 000000000000007c t _GetRegionFromInfo.isra.1
000000000000e930 0000000000000114 T virtmemSetup
000000000000ea50 000000000000013c T virtmemReserve
000000000000eb90 0000000000000004 T virtmemFree
000000000000eba0 0000000000000034 t ipcCloseObjectById
000000000000ebe0 00000000000001d4 t _setsysGetFirmwareVersionImpl
000000000000edc0 000000000000003c T setsysInitialize
000000000000ee00 000000000000009c T setsysExit
000000000000eea0 0000000000000044 T setsysGetFirmwareVersion
000000000000eef0 0000000000000034 t ipcCloseObjectById
000000000000ef30 000000000000012c t _timeGetSession
000000000000f060 00000000000001ec T timeExit
000000000000f250 00000000000000d8 T timeInitialize
000000000000f330 0000000000000124 T timeGetCurrentTime
000000000000f460 0000000000000118 T timeToCalendarTimeWithMyRule
000000000000f580 0000000000000054 t _nwindowConnect
000000000000f5e0 0000000000000040 t _nwindowDisconnect
000000000000f620 0000000000000024 T nwindowIsValid
000000000000f650 000000000000006c T nwindowClose
000000000000f6c0 00000000000000c4 T nwindowCreate
000000000000f790 000000000000000c T nwindowCreateFromLayer
000000000000f7a0 0000000000000088 T nwindowSetDimensions
000000000000f830 0000000000000154 T nwindowConfigureBuffer
000000000000f990 00000000000001e4 T nwindowDequeueBuffer
000000000000fb80 0000000000000144 T nwindowQueueBuffer
000000000000fcd0 00000000000000ac T nwindowReleaseBuffers
000000000000fd80 000000000000000c T nwindowGetDefault
000000000000fd90 00000000000000c8 T __nx_win_init
000000000000fe60 0000000000000034 T __nx_win_exit
000000000000fea0 0000000000000138 t _binderTransactParcel
000000000000ffe0 00000000000000c8 t ipcQueryPointerBufferSize
00000000000100b0 0000000000000248 t _binderTransactParcelAuto
0000000000010300 0000000000000014 T binderCreate
0000000000010320 0000000000000010 T binderTransactParcel
0000000000010330 0000000000000124 T binderConvertErrorCode
0000000000010460 00000000000000e8 T binderAdjustRefcount
0000000000010550 0000000000000074 T binderClose
00000000000105d0 00000000000000c8 T binderInitSession
00000000000106a0 0000000000000144 T binderGetNativeHandle
00000000000107f0 00000000000000e8 T bqRequestBuffer
00000000000108e0 0000000000000154 T bqDequeueBuffer
0000000000010a40 000000000000009c T bqDetachBuffer
0000000000010ae0 00000000000000e0 T bqQueueBuffer
0000000000010bc0 0000000000000090 T bqCancelBuffer
0000000000010c50 00000000000000e4 T bqConnect
0000000000010d40 000000000000009c T bqDisconnect
0000000000010de0 0000000000000178 T bqSetPreallocatedBuffer
0000000000010f60 0000000000000080 T framebufferMakeLinear
0000000000010fe0 0000000000000078 T framebufferClose
0000000000011060 0000000000000298 T framebufferCreate
0000000000011300 0000000000000080 T framebufferBegin
0000000000011380 000000000000017c T framebufferEnd
0000000000011500 000000000000001c T __syscall_exit
0000000000011520 0000000000000034 T __syscall_getreent
0000000000011560 0000000000000004 T __syscall_lock_acquire
0000000000011570 0000000000000004 T __syscall_lock_release
0000000000011580 0000000000000004 T __syscall_lock_acquire_recursive
0000000000011590 0000000000000004 T __syscall_lock_release_recursive
00000000000115a0 0000000000000040 T __syscall_cond_broadcast
00000000000115e0 000000000000003c T __syscall_cond_wait
0000000000011620 0000000000000044 T __syscall_tls_create
0000000000011670 0000000000000018 T __syscall_tls_set
0000000000011690 0000000000000004 T __syscall_tls_get
00000000000116a0 0000000000000018 T __syscall_tls_delete
00000000000116c0 000000000000027c T __libnx_init_time
0000000000011940 0000000000000080 T newlibSetup
00000000000119c0 T armDCacheFlush
00000000000119e4 t armDCacheFlush_L0
0000000000011a00 0000000000000010 T threadTlsGet
0000000000011a10 0000000000000010 T threadTlsSet
0000000000011a20 00000000000000d8 T threadTlsAlloc
0000000000011b00 0000000000000048 T threadTlsFree
0000000000011b50 0000000000000034 t ipcCloseObjectById
0000000000011b90 0000000000000134 t _viGetSession.constprop.7
0000000000011cd0 00000000000001e4 T viExit
0000000000011ec0 00000000000002f8 T viInitialize
00000000000121c0 000000000000000c T viGetSession_IHOSBinderDriverRelay
00000000000121d0 0000000000000140 T viOpenDisplay
0000000000012310 0000000000000104 T viCloseDisplay
0000000000012420 0000000000000104 T viCloseLayer
0000000000012530 0000000000000370 T viCreateLayer
00000000000128a0 00000000000000e8 T viSetLayerScalingMode
0000000000012990 0000000000000034 t ipcCloseObjectById
00000000000129d0 00000000000000d8 t _nvSetClientPID
0000000000012ab0 00000000000000c8 t ipcQueryPointerBufferSize.constprop.10
0000000000012b80 00000000000000f0 t _nvInitialize.constprop.8
0000000000012c70 000000000000010c t ipcCloneSession.constprop.9
0000000000012d80 0000000000000100 T nvExit
0000000000012e80 0000000000000184 T nvInitialize
0000000000013010 000000000000012c T nvConvertError
0000000000013140 000000000000012c T nvOpen
0000000000013270 0000000000000270 T nvIoctl
00000000000134e0 00000000000000dc T nvClose
00000000000135c0 000000000000015c T nvQueryEvent
0000000000013720 000000000000006c T nvMapInit
0000000000013790 0000000000000068 T nvMapExit
0000000000013800 0000000000000084 T nvMapClose
0000000000013890 0000000000000150 T nvMapCreate
00000000000139e0 0000000000000060 t _nvFenceEventWaitCommon
0000000000013a40 000000000000005c T nvFenceInit
0000000000013aa0 0000000000000098 T nvFenceExit
0000000000013b40 00000000000001e4 T nvFenceWait
0000000000013d30 000000000000007c T nvMultiFenceWait
0000000000013db0 000000000000003c T nvioctlNvmap_Create
0000000000013df0 0000000000000030 T nvioctlNvmap_Alloc
0000000000013e20 0000000000000030 T nvioctlNvmap_Free
0000000000013e50 000000000000003c T nvioctlNvmap_GetId
0000000000013e90 0000000000000024 T nvioctlNvhostCtrl_EventSignal
0000000000013ec0 000000000000003c T nvioctlNvhostCtrl_EventWait
0000000000013f00 0000000000000028 T nvioctlNvhostCtrl_EventWaitAsync
0000000000013f30 0000000000000024 T nvioctlNvhostCtrl_EventRegister
0000000000013f60 0000000000000024 T nvioctlNvhostCtrl_EventUnregister
0000000000013f90 0000000000000028 T parcelCreate
0000000000013fc0 000000000000019c T parcelTransact
0000000000014160 0000000000000088 T parcelWriteData
00000000000141f0 0000000000000098 T parcelReadData
0000000000014290 0000000000000020 T parcelWriteInt32
00000000000142b0 0000000000000020 T parcelWriteUInt32
00000000000142d0 0000000000000080 T parcelWriteString16
0000000000014350 0000000000000030 T parcelWriteInterfaceToken
0000000000014380 0000000000000024 T parcelReadInt32
00000000000143b0 0000000000000068 T parcelReadFlattenedObject
0000000000014420 0000000000000044 T parcelWriteFlattenedObject
0000000000014468 0000000000000004 T operator new[](unsigned long)
0000000000014470 0000000000000068 T operator new(unsigned long)
00000000000144d8 000000000000000c T std::bad_alloc::what() const
00000000000144e8 0000000000000014 T std::bad_alloc::~bad_alloc()
00000000000144e8 0000000000000014 T std::bad_alloc::~bad_alloc()
0000000000014500 0000000000000028 T std::bad_alloc::~bad_alloc()
0000000000014528 0000000000000010 T std::get_new_handler()
0000000000014538 0000000000000004 T std::exception::~exception()
0000000000014538 0000000000000004 T std::exception::~exception()
0000000000014540 0000000000000014 T std::bad_exception::~bad_exception()
0000000000014540 0000000000000014 T std::bad_exception::~bad_exception()
0000000000014558 000000000000000c T std::bad_exception::what() const
0000000000014568 0000000000000028 T std::bad_exception::~bad_exception()
0000000000014590 0000000000000004 T operator delete(void*, unsigned long)
0000000000014598 0000000000000064 t __gxx_exception_cleanup(_Unwind_Reason_Code, _Unwind_Exception*)
0000000000014600 0000000000000058 T __cxa_init_primary_exception
0000000000014658 0000000000000054 T __cxa_throw
00000000000146b0 0000000000000070 T __cxa_rethrow
0000000000014720 00000000000000a0 T __cxa_begin_catch
00000000000147c0 0000000000000094 T __cxa_end_catch
0000000000014858 000000000000000c W __gnu_cxx::__concurrence_lock_error::what() const
0000000000014868 000000000000000c W __gnu_cxx::__concurrence_unlock_error::what() const
0000000000014878 0000000000000014 W __gnu_cxx::__concurrence_lock_error::~__concurrence_lock_error()
0000000000014878 0000000000000014 W __gnu_cxx::__concurrence_lock_error::~__concurrence_lock_error()
0000000000014890 0000000000000014 W __gnu_cxx::__concurrence_unlock_error::~__concurrence_unlock_error()
0000000000014890 0000000000000014 W __gnu_cxx::__concurrence_unlock_error::~__concurrence_unlock_error()
00000000000148a8 0000000000000038 W __gnu_cxx::__concurrence_lock_error::~__concurrence_lock_error()
00000000000148e0 0000000000000038 W __gnu_cxx::__concurrence_unlock_error::~__concurrence_unlock_error()
0000000000014918 0000000000000034 W __gnu_cxx::__throw_concurrence_lock_error()
0000000000014950 0000000000000160 t (anonymous namespace)::pool::free(void*) [clone .constprop.2]
0000000000014ab0 0000000000000128 t (anonymous namespace)::pool::allocate(unsigned long) [clone .constprop.3]
0000000000014bd8 0000000000000064 T __cxa_allocate_exception
0000000000014c40 0000000000000030 T __cxa_free_exception
0000000000014c70 0000000000000004 T operator delete(void*)
0000000000014c78 0000000000000014 T __cxxabiv1::__si_class_type_info::~__si_class_type_info()
0000000000014c78 0000000000000014 T __cxxabiv1::__si_class_type_info::~__si_class_type_info()
0000000000014c90 0000000000000028 T __cxxabiv1::__si_class_type_info::~__si_class_type_info()
0000000000014cb8 0000000000000080 T __cxxabiv1::__si_class_type_info::__do_find_public_src(long, void const*, __cxxabiv1::__class_type_info const*, void const*) const
0000000000014d38 000000000000013c T __cxxabiv1::__si_class_type_info::__do_dyncast(long, __cxxabiv1::__class_type_info::__sub_kind, __cxxabiv1::__class_type_info const*, void const*, __cxxabiv1::__class_type_info const*, void const*, __cxxabiv1::__class_type_info::__dyncast_result&) const
0000000000014e78 0000000000000068 T __cxxabiv1::__si_class_type_info::__do_upcast(__cxxabiv1::__class_type_info const*, void const*, __cxxabiv1::__class_type_info::__upcast_result&) const
0000000000014ee0 0000000000000014 W __eh_globals_init::~__eh_globals_init()
0000000000014ee0 0000000000000014 W __eh_globals_init::~__eh_globals_init()
0000000000014ef8 0000000000000048 t eh_globals_dtor(void*)
0000000000014f40 0000000000000024 T __cxa_get_globals_fast
0000000000014f68 0000000000000074 T __cxa_get_globals
0000000000014fe0 000000000000003c T __cxxabiv1::__terminate(void (*)())
0000000000015020 0000000000000010 T std::get_terminate()
0000000000015030 0000000000000010 T std::terminate()
0000000000015040 0000000000000010 T __cxxabiv1::__unexpected(void (*)())
0000000000015050 0000000000000010 T std::get_unexpected()
0000000000015060 0000000000000010 T std::unexpected()
0000000000015070 0000000000000004 T std::type_info::~type_info()
0000000000015070 0000000000000004 T std::type_info::~type_info()
0000000000015078 0000000000000008 T std::type_info::__is_pointer_p() const
0000000000015078 0000000000000008 T std::type_info::__is_function_p() const
0000000000015080 0000000000000084 t get_adjusted_ptr(std::type_info const*, std::type_info const*, void**)
0000000000015108 000000000000015c t read_encoded_value_with_base(unsigned char, unsigned long, unsigned char const*, unsigned long*)
0000000000015268 00000000000000c0 t get_ttype_entry(lsda_header_info*, unsigned long)
0000000000015328 0000000000000094 t check_exception_spec(lsda_header_info*, std::type_info const*, void*, long)
00000000000153c0 000000000000006c t base_of_encoded_value(unsigned char, _Unwind_Context*)
0000000000015430 0000000000000108 t parse_lsda_header(_Unwind_Context*, unsigned char const*, lsda_header_info*)
0000000000015538 00000000000004dc T __gxx_personality_v0
0000000000015a18 00000000000000f0 T __cxa_call_unexpected
0000000000015b08 000000000000006c T __cxxabiv1::__class_type_info::__do_upcast(__cxxabiv1::__class_type_info const*, void**) const
0000000000015b78 0000000000000010 T __cxxabiv1::__class_type_info::__do_find_public_src(long, void const*, __cxxabiv1::__class_type_info const*, void const*) const
0000000000015b88 0000000000000014 T __cxxabiv1::__class_type_info::~__class_type_info()
0000000000015b88 0000000000000014 T __cxxabiv1::__class_type_info::~__class_type_info()
0000000000015ba0 0000000000000028 T __cxxabiv1::__class_type_info::~__class_type_info()
0000000000015bc8 00000000000000d4 T __cxxabiv1::__class_type_info::__do_dyncast(long, __cxxabiv1::__class_type_info::__sub_kind, __cxxabiv1::__class_type_info const*, void const*, __cxxabiv1::__class_type_info const*, void const*, __cxxabiv1::__class_type_info::__dyncast_result&) const
0000000000015ca0 0000000000000068 T __cxxabiv1::__class_type_info::__do_upcast(__cxxabiv1::__class_type_info const*, void const*, __cxxabiv1::__class_type_info::__upcast_result&) const
0000000000015d08 00000000000000a8 T __cxxabiv1::__class_type_info::__do_catch(std::type_info const*, void**, unsigned int) const
0000000000015db0 0000000000000044 T __cxa_call_terminate
0000000000015df8 000000000000015c t read_encoded_value_with_base
0000000000015f58 0000000000000070 t base_of_encoded_value
0000000000015fc8 000000000000080c t execute_cfa_program
00000000000167d8 000000000000040c t uw_frame_state_for
0000000000016be8 0000000000000158 t init_dwarf_reg_size_table
0000000000016d40 0000000000000720 t execute_stack_op
0000000000017460 000000000000037c t uw_update_context_1
00000000000177e0 0000000000000244 t uw_init_context_1
0000000000017a28 00000000000000b4 t uw_update_context
0000000000017ae0 00000000000000e0 t _Unwind_RaiseException_Phase2
0000000000017bc0 0000000000000118 t _Unwind_ForcedUnwind_Phase2
0000000000017cd8 0000000000000164 t uw_install_context_1
0000000000017e40 0000000000000054 t _Unwind_SetGR
0000000000017e98 0000000000000014 t _Unwind_GetIPInfo
0000000000017eb0 0000000000000008 t _Unwind_SetIP
0000000000017eb8 0000000000000008 t _Unwind_GetLanguageSpecificData
0000000000017ec0 0000000000000008 t _Unwind_GetRegionStart
0000000000017ec8 0000000000000008 t _Unwind_GetDataRelBase
0000000000017ed0 0000000000000008 t _Unwind_GetTextRelBase
0000000000017ed8 0000000000000004 t _Unwind_DebugHook
0000000000017ee0 000000000000018c t _Unwind_RaiseException
0000000000018070 0000000000000114 t _Unwind_Resume
0000000000018188 0000000000000110 t _Unwind_Resume_or_Rethrow
0000000000018298 0000000000000018 t _Unwind_DeleteException
00000000000182b0 000000000000001c t fde_unencoded_compare
00000000000182d0 00000000000000f4 t frame_downheap
00000000000183c8 00000000000000c0 t frame_heapsort
0000000000018488 0000000000000060 t size_of_encoded_value
00000000000184e8 000000000000015c t read_encoded_value_with_base
0000000000018648 0000000000000120 t get_cie_encoding
0000000000018768 0000000000000068 t base_from_object.isra.5
00000000000187d0 0000000000000090 t fde_single_encoding_compare
0000000000018860 0000000000000194 t classify_object_over_fdes
00000000000189f8 0000000000000148 t add_fdes
0000000000018b40 0000000000000188 t linear_search_fdes
0000000000018cc8 00000000000000bc t fde_mixed_encoding_compare
0000000000018d88 0000000000000698 t search_object
0000000000019420 0000000000000120 t __deregister_frame_info_bases.part.8
0000000000019540 0000000000000054 t __register_frame_info.part.7
0000000000019598 0000000000000014 t __register_frame_info
00000000000195b0 0000000000000018 t __deregister_frame_info
00000000000195c8 00000000000001c0 t _Unwind_Find_FDE
0000000000019788 0000000000000018 T abort
00000000000197a0 0000000000000038 T aligned_alloc
00000000000197d8 00000000000000b8 T bsearch
0000000000019890 0000000000000030 T calloc
00000000000198c0 0000000000000094 T _calloc_r
0000000000019958 0000000000000014 T __cxa_atexit
0000000000019970 0000000000000014 T __errno
0000000000019988 000000000000015c T _fclose_r
0000000000019ae8 000000000000001c T fclose
0000000000019b08 0000000000000214 T __sflush_r
0000000000019d20 00000000000000b8 T _fflush_r
0000000000019dd8 0000000000000040 T fflush
0000000000019e18 0000000000000078 t std
0000000000019e90 000000000000000c T _cleanup_r
0000000000019ea0 0000000000000060 T __sfmoreglue
0000000000019f00 000000000000000c T __sfp_lock_acquire
0000000000019f10 000000000000000c T __sfp_lock_release
0000000000019f20 000000000000000c T __sinit_lock_acquire
0000000000019f30 000000000000000c T __sinit_lock_release
0000000000019f40 0000000000000080 T __sinit
0000000000019fc0 0000000000000118 T __sfp
000000000001a0d8 0000000000000044 T __libc_fini_array
000000000001a120 0000000000000130 T _fopen_r
000000000001a250 0000000000000030 T fopen
000000000001a280 0000000000000328 T _fread_r
000000000001a5a8 0000000000000040 T fread
000000000001a5e8 0000000000000118 T _malloc_trim_r
000000000001a700 00000000000002f4 T _free_r
000000000001a9f8 0000000000000004 T _fseek_r
000000000001aa00 000000000000003c T fseek
000000000001aa40 00000000000004c4 T _fseeko_r
000000000001af08 00000000000000b8 T _fwalk
000000000001afc0 00000000000000bc T _fwalk_reent
000000000001b080 00000000000000e0 T _fwrite_r
000000000001b160 0000000000000040 T fwrite
000000000001b1a0 000000000000008c T __libc_init_array
000000000001b230 00000000000000a4 T __swhatbuf_r
000000000001b2d8 000000000000010c T __smakebuf_r
000000000001b3e8 0000000000000030 T memalign
000000000001b418 0000000000000198 T _memalign_r
000000000001b5b0 000000000000001c T malloc
000000000001b5d0 000000000000001c T free
000000000001b5f0 000000000000087c T _malloc_r
000000000001be6c 00000000000000d8 T memchr
000000000001bf80 000000000000016c T memcpy
000000000001c100 00000000000001dc T memset
000000000001c2e0 000000000000000c T __malloc_lock
000000000001c2f0 000000000000000c T __malloc_unlock
000000000001c300 000000000000008c T printf
000000000001c390 0000000000000020 T putchar
000000000001c3b0 00000000000000e0 T _putc_r
000000000001c490 00000000000000d4 T _puts_r
000000000001c568 000000000000001c T puts
000000000001c588 0000000000000020 t lflush
000000000001c5a8 00000000000001d0 T __srefill_r
000000000001c778 000000000000003c T setenv
000000000001c7b8 0000000000000264 T _setenv_r
000000000001ca20 000000000000025c T setvbuf
000000000001cc80 00000000000000b4 T _raise_r
000000000001cd38 000000000000001c T raise
000000000001cd58 00000000000000a8 T sprintf
000000000001ce00 00000000000000bc T sscanf
000000000001cec0 0000000000000050 T __sread
000000000001cf10 0000000000000008 T __seofread
000000000001cf18 000000000000006c T __swrite
000000000001cf88 0000000000000050 T __sseek
000000000001cfd8 0000000000000008 T __sclose
000000000001cfe0 00000000000000dc T strchr
000000000001d0c0 00000000000000e4 T strcmp
000000000001d1c0 0000000000000140 T strlen
000000000001d300 0000000000000084 T strncat
000000000001d3dc 00000000000001b8 T strncmp
000000000001d598 00000000000000a8 T strncpy
000000000001d664 00000000000000e0 T strnlen
000000000001d720 00000000000001ac t _strtoul_l.isra.0
000000000001d8d0 0000000000000034 T _strtoul_r
000000000001d908 0000000000000048 T strtoul
000000000001d950 000000000000076c t get_arg
000000000001e0bc 0000000000003b38 T _svfprintf_r
0000000000021bf4 000000000000005c t get_arg
0000000000021c50 0000000000002fd8 T __ssvfscanf_r
0000000000024c28 000000000000076c t get_arg
0000000000025394 0000000000003c28 T _vfprintf_r
0000000000028fbc 00000000000000ec t __sbprintf
00000000000290a8 0000000000000118 T __swbuf_r
00000000000291c0 00000000000000d0 T _wcrtomb_r
0000000000029290 0000000000000010 T _wcsrtombs_r
00000000000292a0 0000000000000140 T __swsetup_r
00000000000293e0 00000000000000d0 T __register_exitproc
00000000000294b0 0000000000000124 T __call_exitprocs
00000000000295d8 00000000000001a8 t quorem
0000000000029780 00000000000010dc T _dtoa_r
000000000002a860 000000000000000c T __env_lock
000000000002a870 000000000000000c T __env_unlock
000000000002a880 00000000000000a8 T __sflags
000000000002a928 00000000000004b8 T __sfvwrite_r
000000000002ade0 0000000000000100 T _findenv_r
000000000002aee0 0000000000000008 T iswspace
000000000002aee8 0000000000000008 T __localeconv_l
000000000002aef0 0000000000000028 T _localeconv_r
000000000002af18 000000000000002c T __locale_mb_cur_max
000000000002af48 00000000000000d8 T _mbrtowc_r
000000000002b020 00000000000002c8 T __utf8_mbtowc
000000000002b300 00000000000000ac T memmove
000000000002b3b0 0000000000000090 T _Balloc
000000000002b440 000000000000001c T _Bfree
000000000002b460 00000000000000e8 T __multadd
000000000002b548 0000000000000120 T __s2b
000000000002b668 000000000000005c T __hi0bits
000000000002b6c8 00000000000000a0 T __lo0bits
000000000002b768 000000000000002c T __i2b
000000000002b798 00000000000001c8 T __multiply
000000000002b960 0000000000000104 T __pow5mult
000000000002ba68 0000000000000134 T __lshift
000000000002bba0 0000000000000050 T __mcmp
000000000002bbf0 000000000000014c T __mdiff
000000000002bd40 0000000000000068 T __ulp
000000000002bda8 0000000000000150 T __b2d
000000000002bef8 0000000000000138 T __d2b
000000000002c030 00000000000000a0 T __ratio
000000000002c0d0 0000000000000068 T __copybits
000000000002c138 0000000000000084 T __any_on
000000000002c1c0 0000000000000030 T realloc
000000000002c1f0 000000000000056c T _realloc_r
000000000002c760 00000000000000bc T __sccl
000000000002c820 000000000000000c T nanf
000000000002c830 000000000000007c T frexp
000000000002c8b0 00000000000000c8 T stpncpy
000000000002c978 0000000000000054 t sulp
000000000002c9d0 00000000000010e8 T _strtod_l
000000000002dab8 0000000000000040 T _strtod_r
000000000002daf8 00000000000001a0 t _strtoll_l.isra.0
000000000002dc98 0000000000000034 T _strtoll_r
000000000002dcd0 00000000000001a0 t _strtol_l.isra.0
000000000002de70 0000000000000034 T _strtol_r
000000000002dea8 00000000000001ac t _strtoull_l.isra.0
000000000002e058 0000000000000034 T _strtoull_r
000000000002e08c 00000000000001c0 T __ssprint_r
000000000002e24c 00000000000000f4 T _sungetc_r
000000000002e340 0000000000000070 T __ssrefill_r
000000000002e3b0 00000000000000e0 T _sfread_r
000000000002e490 00000000000000c8 T __submore
000000000002e558 000000000000003c T __sprint_r
000000000002e598 00000000000001dc T _wcsnrtombs_l
000000000002e778 0000000000000054 T _wcsnrtombs_r
000000000002e7d0 00000000000000e4 T __utf8_wctomb
000000000002e8b8 0000000000000114 t rshift
000000000002e9d0 00000000000007e8 T __gethex
000000000002f1b8 0000000000000048 T __match
000000000002f200 000000000000022c T __hexnan
000000000002f430 000000000000004c T iswspace_l
000000000002f480 0000000000000244 t __jp2uc
000000000002f6c8 00000000000000bc T _jp2uc_l
000000000002f788 000000000000000c T nan
000000000002f798 0000000000000088 T category
000000000002f820 0000000000000008 t null_write
000000000002f828 0000000000000018 T setDefaultDevice
000000000002f840 0000000000000108 T FindDevice
000000000002f948 0000000000000034 T RemoveDevice
000000000002f980 00000000000000d8 T AddDevice
000000000002fa58 00000000000000a8 T _close_r
000000000002fb00 0000000000000080 T _fstat_r
000000000002fb80 0000000000000010 T _getpid_r
000000000002fb90 0000000000000008 T _isatty_r
000000000002fb98 0000000000000010 T _kill_r
000000000002fba8 0000000000000094 T _lseek_r
000000000002fc40 00000000000000e0 T _open_r
000000000002fd20 00000000000000a4 T _read_r
000000000002fdc8 0000000000000078 T _sbrk_r
000000000002fe40 00000000000000a4 T _write_r
000000000002fee8 0000000000000020 T _exit
000000000002ff08 0000000000000234 T _concatenate_path
0000000000030140 0000000000000178 T chdir
00000000000302b8 0000000000000014 T __libc_lock_acquire
00000000000302d0 0000000000000014 T __libc_lock_release
00000000000302e8 000000000000000c T __libc_lock_init_recursive
00000000000302f8 0000000000000014 T __libc_lock_acquire_recursive
0000000000030310 0000000000000014 T __libc_lock_release_recursive
0000000000030328 0000000000000004 T __libc_lock_close_recursive
0000000000030330 0000000000000018 T __libc_cond_broadcast
0000000000030348 0000000000000018 T __libc_cond_wait
0000000000030360 000000000000003c T __free_handle
00000000000303a0 0000000000000058 T __release_handle
00000000000303f8 00000000000000c0 T __alloc_handle
00000000000304b8 0000000000000020 T __get_handle
00000000000304d8 0000000000000020 T __getreent
00000000000304f8 000000000000006c T pthread_mutex_lock
0000000000030568 000000000000006c T pthread_mutex_unlock
00000000000305d8 00000000000000dc T pthread_once
00000000000306b8 0000000000000024 T pthread_key_create
00000000000306e0 0000000000000018 T pthread_setspecific
00000000000306f8 0000000000000018 T pthread_getspecific
0000000000030710 0000000000000018 T pthread_key_delete
0000000000030728 0000000000000150 t __extenddftf2
0000000000030878 0000000000000348 t __trunctfdf2
0000000000030bc0 0000000000000070 t __sfp_handle_exceptions
0000000000030c30 0000000000000100 T strrchr
0000000000030d30 T _fini
0000000000031000 R __rodata_start
00000000000314a8 0000000000000100 r K
00000000000315f0 0000000000000014 r CSWTCH.93
00000000000316f4 R default_font_bin
00000000000336f4 R default_font_bin_end
00000000000336f4 R default_font_bin_size
0000000000033718 0000000000000020 r error_table
0000000000033740 0000000000000030 r colorTable
0000000000033790 0000000000000023 r g_bq_InterfaceDescriptor
00000000000337b8 0000000000000038 r g_nvColorFmtTable
0000000000033850 000000000000000d V typeinfo name for std::bad_alloc
0000000000033870 000000000000000d V typeinfo name for std::exception
0000000000033880 0000000000000012 V typeinfo name for std::bad_exception
0000000000033898 0000000000000020 V typeinfo name for __cxxabiv1::__forced_unwind
00000000000338b8 0000000000000024 V typeinfo name for __cxxabiv1::__foreign_exception
00000000000338f8 0000000000000027 V typeinfo name for __gnu_cxx::__concurrence_lock_error
0000000000033920 0000000000000029 V typeinfo name for __gnu_cxx::__concurrence_unlock_error
00000000000339a0 0000000000000025 V typeinfo name for __cxxabiv1::__si_class_type_info
00000000000339c8 000000000000000d V typeinfo name for std::type_info
00000000000339d8 0000000000000022 V typeinfo name for __cxxabiv1::__class_type_info
0000000000033c68 0000000000000008 r terminator.9403
0000000000033c70 0000000000000101 R _ctype_
0000000000033f00 0000000000000010 r blanks.6590
0000000000033f10 0000000000000010 r zeroes.6591
0000000000033fe0 0000000000000022 r basefix.6623
0000000000034150 0000000000000010 r blanks.6605
0000000000034160 0000000000000010 r zeroes.6606
0000000000034208 0000000000000028 R __mprec_bigtens
0000000000034230 00000000000000c8 R __mprec_tens
00000000000342f8 000000000000000c r p05.5339
0000000000034338 0000000000000014 r fpi.5419
0000000000034350 0000000000000014 r fpinan.5455
0000000000034368 0000000000000028 r tinytens
0000000000034390 000000000000006c R __action_table
0000000000034400 0000000000000100 R __chclass
0000000000034500 000000000000006c R __state_table
0000000000034570 0000000000000100 R __hexdig
0000000000034688 00000000000000bc r a1
0000000000034748 00000000000000bc r a2
0000000000034808 000000000000005b r a3
0000000000034868 0000000000000070 r a6
00000000000348d8 00000000000000a2 r a7
0000000000034980 0000000000000040 r a8
00000000000349c0 000000000000172a r b02cf
00000000000360f0 0000000000001a7c r d02f4
0000000000037b70 000000000000309c r categories
000000000003ac18 0000000000000003 R DIRECTORY_PARENT
000000000003ac20 r __EH_FRAME_BEGIN__
000000000003ac20 R __eh_frame_hdr_end
000000000003ac20 R __eh_frame_hdr_start
0000000000042574 r __FRAME_END__
0000000000042628 a _DYNAMIC
0000000000046000 R __data_start
0000000000046000 t __frame_dummy_init_array_entry
0000000000046000 T __init_array_start
0000000000046000 B __preinit_array_end
0000000000046000 B __preinit_array_start
0000000000046000 D __tdata_lma
0000000000046000 D __tdata_lma_end
0000000000046018 t __do_global_dtors_aux_fini_array_entry
0000000000046018 T __fini_array_start
0000000000046018 T __init_array_end
0000000000046020 T __fini_array_end
0000000000046020 T __got_start__
0000000000046020 a _GLOBAL_OFFSET_TABLE_
0000000000046360 D __dso_handle
0000000000046360 D __got_end__
0000000000046368 0000000000000020 V Incognito::backupFileName()::filename
0000000000046388 0000000000000008 d memset_func
0000000000046390 0000000000000001 V __nx_applet_auto_notifyrunning
0000000000046394 0000000000000004 V __nx_applet_type
0000000000046398 0000000000000001 d firstConsoleInit.6161
00000000000463a0 0000000000000058 d defaultConsole
00000000000463f8 0000000000000008 d currentConsole
0000000000046400 00000000000000e0 d dotab_stdout
00000000000464e0 0000000000000008 V __nx_exception_stack_size
00000000000464e8 0000000000000401 d __cwd
00000000000468ec 0000000000000004 d fsdev_fsdevice_cwd
00000000000468f0 0000000000000004 d fsdev_fsdevice_default
00000000000468f8 00000000000000e0 d fsdev_devoptab
00000000000469d8 0000000000000088 d s_consoleSwRenderer
0000000000046a60 0000000000000004 V __nx_vi_stray_layer_flags
0000000000046a64 0000000000000004 d g_viServiceType
0000000000046a68 0000000000000004 V __nx_nv_transfermem_size
0000000000046a6c 0000000000000004 d g_nvmap_fd
0000000000046a70 0000000000000004 d g_ctrl_fd
0000000000046a78 0000000000000018 V typeinfo for std::bad_alloc
0000000000046a90 0000000000000028 V vtable for std::bad_alloc
0000000000046ab8 0000000000000010 V typeinfo for std::exception
0000000000046ac8 0000000000000018 V typeinfo for std::bad_exception
0000000000046ae0 0000000000000010 V typeinfo for __cxxabiv1::__forced_unwind
0000000000046af0 0000000000000010 V typeinfo for __cxxabiv1::__foreign_exception
0000000000046b00 0000000000000028 V vtable for std::bad_exception
0000000000046b28 0000000000000018 V typeinfo for __gnu_cxx::__concurrence_lock_error
0000000000046b40 0000000000000018 V typeinfo for __gnu_cxx::__concurrence_unlock_error
0000000000046b58 0000000000000028 V vtable for __gnu_cxx::__concurrence_lock_error
0000000000046b80 0000000000000028 V vtable for __gnu_cxx::__concurrence_unlock_error
0000000000046ba8 0000000000000008 V DW.ref.__gxx_personality_v0
0000000000046bb0 0000000000000018 V typeinfo for __cxxabiv1::__si_class_type_info
0000000000046bc8 0000000000000058 V vtable for __cxxabiv1::__si_class_type_info
0000000000046c20 0000000000000010 V typeinfo for std::type_info
0000000000046c30 0000000000000008 D __cxxabiv1::__terminate_handler
0000000000046c38 0000000000000018 V typeinfo for __cxxabiv1::__class_type_info
0000000000046c50 0000000000000058 V vtable for __cxxabiv1::__class_type_info
0000000000046ca8 0000000000000008 D __cxxabiv1::__unexpected_handler
0000000000046cb0 0000000000000008 D _impure_ptr
0000000000046cb8 0000000000000768 d impure_data
0000000000047420 0000000000000008 D _global_impure_ptr
0000000000047428 0000000000000008 D __malloc_sbrk_base
0000000000047430 0000000000000008 D __malloc_trim_threshold
0000000000047438 0000000000000810 D __malloc_av_
0000000000047c48 0000000000000008 D environ
0000000000047c50 00000000000001a8 D __global_locale
0000000000047df8 0000000000000002 d numempty
0000000000047e00 0000000000000018 D _C_numeric_locale
0000000000047e18 0000000000000004 d defaultDevice
0000000000047e20 0000000000000080 D devoptab_list
0000000000047ea0 00000000000000e0 D dotab_stdnull
0000000000047f80 0000000000000400 d _current_working_directory
0000000000048380 0000000000000010 d __stderr_handle
0000000000048390 0000000000000010 d __stdin_handle
00000000000483a0 0000000000000010 d __stdout_handle
00000000000483b0 0000000000002000 d handles
000000000004a3b0 D __bss_start__
000000000004a3b0 D __TMC_END__
000000000004a3b0 b completed.7870
000000000004a3b8 b object.7875
000000000004a3e8 0000000000000019 V Incognito::serial()::serialNumber
000000000004a408 000000000000000c b g_fsSrv
000000000004a418 0000000000000008 b g_refCnt
000000000004a420 0000000000000008 b g_refCnt
000000000004a428 0000000000000004 b g_smHandle
000000000004a430 0000000000000200 b g_smOverrides
000000000004a630 0000000000000008 b g_smOverridesNum
000000000004a638 0000000000000050 b g_controllerDown
000000000004a688 00000000000001e0 b g_controllerEntries
000000000004a868 0000000000000190 b g_controllerHeaders
000000000004a9f8 0000000000000050 b g_controllerHeld
000000000004aa48 0000000000000028 b g_controllerLayout
000000000004aa70 0000000000000050 b g_controllerOld
000000000004aac0 0000000000000004 b g_controllerP1AutoID
000000000004aac8 0000000000000050 b g_controllerTimestamps
000000000004ab18 0000000000000050 b g_controllerUp
000000000004ab68 000000000000000c b g_hidIAppletResource
000000000004ab78 0000000000000010 b g_hidLock
000000000004ab88 0000000000000020 b g_hidSharedmem
000000000004aba8 000000000000000c b g_hidSrv
000000000004abb8 0000000000000020 b g_keyboardDown
000000000004abd8 0000000000000038 b g_keyboardEntry
000000000004ac10 0000000000000020 b g_keyboardHeld
000000000004ac30 0000000000000008 b g_keyboardModDown
000000000004ac38 0000000000000008 b g_keyboardModHeld
000000000004ac40 0000000000000008 b g_keyboardModOld
000000000004ac48 0000000000000008 b g_keyboardModUp
000000000004ac50 0000000000000020 b g_keyboardOld
000000000004ac70 0000000000000008 b g_keyboardTimestamp
000000000004ac78 0000000000000020 b g_keyboardUp
000000000004ac98 0000000000000400 b g_mouse
000000000004b098 0000000000000008 b g_mouseDown
000000000004b0a0 0000000000000008 b g_mouseEntry
000000000004b0a8 0000000000000008 b g_mouseHeld
000000000004b0b0 0000000000000008 b g_mouseOld
000000000004b0b8 0000000000000008 b g_mouseTimestamp
000000000004b0c0 0000000000000008 b g_mouseUp
000000000004b0c8 0000000000000008 b g_refCnt
000000000004b0d0 000000000000000a b g_sixaxisEnabled
000000000004b0e0 0000000000004650 b g_sixaxisLayouts
000000000004f730 0000000000000298 b g_touchEntry
000000000004f9c8 0000000000000008 b g_touchTimestamp
000000000004f9d0 0000000000000008 V __nx_applet_PerformanceConfiguration
000000000004f9d8 0000000000000004 V __nx_applet_exit_mode
000000000004f9dc 0000000000000004 b g_appletCpuBoostMode
000000000004f9e0 0000000000000001 b g_appletExitProcessFlag
000000000004f9e8 0000000000000018 b g_appletFirstHook
000000000004fa00 0000000000000001 b g_appletFocusState
000000000004fa08 000000000000000c b g_appletIApplicationCreator
000000000004fa18 000000000000000c b g_appletIAudioController
000000000004fa28 000000000000000c b g_appletICommonStateGetter
000000000004fa38 000000000000000c b g_appletIDebugFunctions
000000000004fa48 000000000000000c b g_appletIDisplayController
000000000004fa58 000000000000000c b g_appletIFunctions
000000000004fa68 000000000000000c b g_appletIGlobalStateController
000000000004fa78 000000000000000c b g_appletILibraryAppletCreator
000000000004fa88 000000000000000c b g_appletILibraryAppletSelfAccessor
000000000004fa98 000000000000000c b g_appletIProcessWindingController
000000000004faa8 000000000000000c b g_appletISelfController
000000000004fab8 000000000000000c b g_appletIWindowController
000000000004fac8 000000000000000c b g_appletLibraryAppletLaunchableEvent
000000000004fad8 000000000000000c b g_appletMessageEvent
000000000004fae4 0000000000000001 b g_appletNotifiedRunning
000000000004fae5 0000000000000001 b g_appletOperationMode
000000000004fae8 0000000000000004 b g_appletPerformanceMode
000000000004faf0 000000000000000c b g_appletProxySession
000000000004fafc 0000000000000004 b g_appletRecordingInitialized
000000000004fb00 0000000000000028 b g_appletRecordingTmem
000000000004fb28 0000000000000008 b g_appletResourceUserId
000000000004fb30 000000000000000c b g_appletSrv
000000000004fb40 0000000000000008 b g_refCnt
000000000004fb48 0000000000000001 b g_hasRandomSeed
000000000004fb49 0000000000000001 b g_isNso
000000000004fb4c 0000000000000004 b g_lastLoadResult
000000000004fb50 0000000000000008 b g_loaderRetAddr
000000000004fb58 0000000000000004 b g_mainThreadHandle
000000000004fb60 0000000000000008 b g_nextLoadArgv
000000000004fb68 0000000000000008 b g_nextLoadPath
000000000004fb70 0000000000000008 b g_overrideArgv
000000000004fb78 0000000000000008 b g_overrideHeapAddr
000000000004fb80 0000000000000008 b g_overrideHeapSize
000000000004fb88 0000000000000004 b g_processHandle
000000000004fb90 0000000000000010 b g_randomSeed
000000000004fba0 0000000000000010 b g_syscallHints
000000000004fbb0 0000000000000004 b g_hosVersion
000000000004fbb8 0000000000000058 b currentCopy
000000000004fc10 0000000000000004 b g_Version
000000000004fc14 0000000000000001 b g_VersionCached
000000000004fc18 0000000000000004 b g_VersionMutex
000000000004fc20 000000000000000c b g_apmISession
000000000004fc30 000000000000000c b g_apmSrv
000000000004fc40 0000000000000008 b g_refCnt
000000000004fc48 0000000000000008 b g_argv_empty
000000000004fc50 0000000000000004 V __nx_exception_ignoredebug
000000000004fc60 0000000000000400 V __nx_exception_stack
0000000000050060 0000000000000008 V __nx_heap_size
0000000000050068 0000000000002300 b fsdev_fsdevices
0000000000052368 0000000000000001 b fsdev_initialised
0000000000052370 0000000000000010 b g_AddressSpace
0000000000052380 0000000000000008 b g_CurrentAddr
0000000000052388 0000000000000030 b g_Region
00000000000523b8 0000000000000004 b g_VirtMemMutex
00000000000523c0 0000000000000008 b g_refCntSys
00000000000523c8 000000000000000c b g_setsysSrv
00000000000523d8 0000000000000008 b g_refCnt
00000000000523e0 000000000000000c b g_timeLocalSystemClock
00000000000523f0 000000000000000c b g_timeNetworkSystemClock
0000000000052400 000000000000000c b g_timeSrv
0000000000052410 000000000000000c b g_timeTimeZoneService
0000000000052420 000000000000000c b g_timeUserSystemClock
0000000000052430 0000000000000078 b g_defaultWin
00000000000524a8 0000000000000050 b g_viDisplay
00000000000524f8 0000000000000010 b g_viLayer
0000000000052508 0000000000000008 b __bootticks
0000000000052510 0000000000000008 b __boottime
0000000000052518 0000000000000004 V __nx_time_type
0000000000052520 0000000000000008 b g_threadList
0000000000052528 0000000000000004 b g_threadMutex
0000000000052530 00000000000000d8 b g_tlsDestructors
0000000000052608 0000000000000008 b g_tlsUsageMask
0000000000052610 0000000000000008 V __nx_vi_layer_id
0000000000052618 000000000000000c b g_viIApplicationDisplayService
0000000000052628 000000000000000c b g_viIHOSBinderDriverIndirect
0000000000052638 000000000000000c b g_viIHOSBinderDriverRelay
0000000000052648 000000000000000c b g_viIManagerDisplayService
0000000000052658 000000000000000c b g_viISystemDisplayService
0000000000052668 0000000000000008 b g_nvIpcBufferSize
0000000000052670 000000000000000c b g_nvSrv
0000000000052680 000000000000000c b g_nvSrvClone
0000000000052690 0000000000000028 b g_nvTransfermem
00000000000526b8 0000000000000008 b g_refCnt
00000000000526c0 0000000000000008 b g_refCnt
00000000000526c8 0000000000000008 b g_NvEventUsedMask
00000000000526d0 0000000000000300 b g_NvEvents
00000000000529d0 0000000000000008 b g_refCnt
00000000000529d8 0000000000000008 b (anonymous namespace)::__new_handler
00000000000529e0 0000000000000028 b (anonymous namespace)::emergency_pool
0000000000052a08 0000000000000010 b eh_globals
0000000000052a18 0000000000000008 b init
0000000000052a20 0000000000000062 b dwarf_reg_size_table
0000000000052a88 0000000000000004 b once_regsizes.9756
0000000000052a90 0000000000000008 b marker.9297
0000000000052a98 0000000000000010 b object_mutex
0000000000052aa8 0000000000000008 b seen_objects
0000000000052ab0 0000000000000008 b unseen_objects
0000000000052ab8 000000000000000c b __sfp_recursive_mutex
0000000000052ac8 000000000000000c b __sinit_recursive_mutex
0000000000052ad8 0000000000000028 B __malloc_current_mallinfo
0000000000052b00 0000000000000008 B __malloc_max_sbrked_mem
0000000000052b08 0000000000000008 B __malloc_max_total_mem
0000000000052b10 0000000000000008 B __malloc_top_pad
0000000000052b18 000000000000000c b __malloc_recursive_mutex
0000000000052b24 0000000000000004 b alloced.4086
0000000000052b28 000000000000000c B __atexit_recursive_mutex
0000000000052b38 0000000000000008 b initial_env
0000000000052b40 000000000000000c b __env_recursive_mutex
0000000000052b50 0000000000000008 b heap_start.5295
0000000000052b58 0000000000000008 B fake_heap_end
0000000000052b60 0000000000000008 B fake_heap_start
0000000000052b68 0000000000000400 b temp_cwd
0000000000052f68 0000000000000004 b __hndl_lock
0000000000052f6c 0000000000000004 b __pthread_once_cv
0000000000052f70 0000000000000004 b __pthread_once_lock
0000000000052f78 0000000000000008 B __system_argv
0000000000052f80 0000000000000004 B __system_argc
0000000000052f88 0000000000000004 B __nxlink_host
0000000000052f90 0000000000000340 B __nx_exceptiondump
00000000000532d0 0000000000000008 B __stack_top
00000000000532d8 B __tls_start
00000000000576e0 B __bss_end__
00000000000576e0 A __end__
00000000000576e0 B __tls_end
0000000000058000 A __argdata__
